<?xml version="1.0" encoding="UTF-8"?>
<testng-results skipped="0" failed="0" ignored="0" total="1" passed="1">
  <reporter-output>
  </reporter-output>
  <suite name="Default suite" duration-ms="86334" started-at="2017-01-09T15:56:00Z" finished-at="2017-01-09T15:57:27Z">
    <groups>
    </groups>
    <test name="Default test" duration-ms="86334" started-at="2017-01-09T15:56:00Z" finished-at="2017-01-09T15:57:27Z">
      <class name="com.jlc.testng.Login">
        <test-method status="PASS" signature="beforeClass()[pri:0, instance:com.jlc.testng.Login@58651fd0]" name="beforeClass" is-config="true" duration-ms="21802" started-at="2017-01-09T23:56:00Z" finished-at="2017-01-09T23:56:22Z">
          <reporter-output>
          </reporter-output>
        </test-method> <!-- beforeClass -->
        <test-method status="PASS" signature="LoginForCtrip()[pri:0, instance:com.jlc.testng.Login@58651fd0]" name="LoginForCtrip" duration-ms="61293" started-at="2017-01-09T23:56:22Z" finished-at="2017-01-09T23:57:24Z">
          <reporter-output>
          </reporter-output>
        </test-method> <!-- LoginForCtrip -->
        <test-method status="PASS" signature="afterClass()[pri:0, instance:com.jlc.testng.Login@58651fd0]" name="afterClass" is-config="true" duration-ms="3224" started-at="2017-01-09T23:57:24Z" finished-at="2017-01-09T23:57:27Z">
          <reporter-output>
          </reporter-output>
        </test-method> <!-- afterClass -->
      </class> <!-- com.jlc.testng.Login -->
    </test> <!-- Default test -->
  </suite> <!-- Default suite -->
</testng-results>
